<?xml version="1.0" encoding="UTF-8"?>
<testng-results ignored="0" total="4" passed="3" failed="1" skipped="0">
  <reporter-output>
  </reporter-output>
  <suite started-at="2022-01-16T07:33:54 IST" name="Suite" finished-at="2022-01-16T07:34:03 IST" duration-ms="9329">
    <groups>
      <group name="Regression">
        <method signature="HomePageTest.linksValidationTest(java.lang.String,java.util.List)[pri:0, instance:Academy.E2EProject.HomePageTest@5a5338df]" name="linksValidationTest" class="Academy.E2EProject.HomePageTest"/>
        <method signature="LoginPageTest.validLoginTest(java.lang.String,java.lang.String,java.lang.String)[pri:0, instance:Academy.E2EProject.LoginPageTest@69f1a286]" name="validLoginTest" class="Academy.E2EProject.LoginPageTest"/>
      </group> <!-- Regression -->
    </groups>
    <test started-at="2022-01-16T07:33:54 IST" name="Home Page Test" finished-at="2022-01-16T07:34:02 IST" duration-ms="8505">
      <class name="Academy.E2EProject.HomePageTest">
        <test-method signature="linksValidationTest(java.lang.String,java.util.List)[pri:0, instance:Academy.E2EProject.HomePageTest@5a5338df]" started-at="2022-01-16T07:33:54 IST" name="linksValidationTest" data-provider="getData_HomePage_Links" finished-at="2022-01-16T07:33:58 IST" duration-ms="4559" status="PASS">
          <params>
            <param index="0">
              <value>
                <![CDATA[https://www.qaclickacademy.com/]]>
              </value>
            </param>
            <param index="1">
              <value>
                <![CDATA[[HOME, COURSES, VIDEOS, INTERVIEW GUIDE, PRACTICE, BLOG, ABOUT, CONTACT]]]>
              </value>
            </param>
          </params>
          <reporter-output>
          </reporter-output>
        </test-method> <!-- linksValidationTest -->
        <test-method is-config="true" signature="tearDownAfterTest()[pri:0, instance:Academy.E2EProject.HomePageTest@5a5338df]" started-at="2022-01-16T07:33:59 IST" name="tearDownAfterTest" finished-at="2022-01-16T07:33:59 IST" duration-ms="59" status="PASS">
          <reporter-output>
          </reporter-output>
        </test-method> <!-- tearDownAfterTest -->
        <test-method signature="textValidationTest(java.lang.String,java.lang.String)[pri:0, instance:Academy.E2EProject.HomePageTest@5a5338df]" started-at="2022-01-16T07:33:59 IST" name="textValidationTest" data-provider="getData_Featured_Text" finished-at="2022-01-16T07:34:02 IST" duration-ms="2943" status="FAIL">
          <params>
            <param index="0">
              <value>
                <![CDATA[https://www.qaclickacademy.com/]]>
              </value>
            </param>
            <param index="1">
              <value>
                <![CDATA[FEATURED COURSESS]]>
              </value>
            </param>
          </params>
          <exception class="java.lang.AssertionError">
            <message>
              <![CDATA[expected [FEATURED COURSESS] but found [FEATURED COURSES]]]>
            </message>
            <full-stacktrace>
              <![CDATA[java.lang.AssertionError: expected [FEATURED COURSESS] but found [FEATURED COURSES]
at org.testng.Assert.fail(Assert.java:110)
at org.testng.Assert.failNotEquals(Assert.java:1413)
at org.testng.Assert.assertEqualsImpl(Assert.java:149)
at org.testng.Assert.assertEquals(Assert.java:131)
at org.testng.Assert.assertEquals(Assert.java:655)
at org.testng.Assert.assertEquals(Assert.java:665)
at Academy.E2EProject.HomePageTest.textValidationTest(HomePageTest.java:30)
at java.base/jdk.internal.reflect.NativeMethodAccessorImpl.invoke0(Native Method)
at java.base/jdk.internal.reflect.NativeMethodAccessorImpl.invoke(NativeMethodAccessorImpl.java:62)
at java.base/jdk.internal.reflect.DelegatingMethodAccessorImpl.invoke(DelegatingMethodAccessorImpl.java:43)
at java.base/java.lang.reflect.Method.invoke(Method.java:566)
at org.testng.internal.invokers.MethodInvocationHelper.invokeMethod(MethodInvocationHelper.java:135)
at org.testng.internal.invokers.TestInvoker.invokeMethod(TestInvoker.java:673)
at org.testng.internal.invokers.TestInvoker.invokeTestMethod(TestInvoker.java:220)
at org.testng.internal.invokers.MethodRunner.runInSequence(MethodRunner.java:50)
at org.testng.internal.invokers.TestInvoker$MethodInvocationAgent.invoke(TestInvoker.java:945)
at org.testng.internal.invokers.TestInvoker.invokeTestMethods(TestInvoker.java:193)
at org.testng.internal.invokers.TestMethodWorker.invokeTestMethods(TestMethodWorker.java:146)
at org.testng.internal.invokers.TestMethodWorker.run(TestMethodWorker.java:128)
at java.base/java.util.ArrayList.forEach(ArrayList.java:1541)
at org.testng.TestRunner.privateRun(TestRunner.java:808)
at org.testng.TestRunner.run(TestRunner.java:603)
at org.testng.SuiteRunner.runTest(SuiteRunner.java:429)
at org.testng.SuiteRunner.access$000(SuiteRunner.java:32)
at org.testng.SuiteRunner$SuiteWorker.run(SuiteRunner.java:467)
at org.testng.internal.thread.ThreadUtil.lambda$execute$0(ThreadUtil.java:58)
at java.base/java.util.concurrent.FutureTask.run(FutureTask.java:264)
at java.base/java.util.concurrent.ThreadPoolExecutor.runWorker(ThreadPoolExecutor.java:1128)
at java.base/java.util.concurrent.ThreadPoolExecutor$Worker.run(ThreadPoolExecutor.java:628)
at java.base/java.lang.Thread.run(Thread.java:834)
]]>
            </full-stacktrace>
          </exception> <!-- java.lang.AssertionError -->
          <reporter-output>
          </reporter-output>
        </test-method> <!-- textValidationTest -->
        <test-method is-config="true" signature="tearDownAfterTest()[pri:0, instance:Academy.E2EProject.HomePageTest@5a5338df]" started-at="2022-01-16T07:34:02 IST" name="tearDownAfterTest" finished-at="2022-01-16T07:34:02 IST" duration-ms="52" status="PASS">
          <reporter-output>
          </reporter-output>
        </test-method> <!-- tearDownAfterTest -->
      </class> <!-- Academy.E2EProject.HomePageTest -->
    </test> <!-- Home Page Test -->
    <test started-at="2022-01-16T07:33:54 IST" name="Login Test" finished-at="2022-01-16T07:34:03 IST" duration-ms="9329">
      <class name="Academy.E2EProject.LoginPageTest">
        <test-method signature="validLoginTest(java.lang.String,java.lang.String,java.lang.String)[pri:0, instance:Academy.E2EProject.LoginPageTest@69f1a286]" started-at="2022-01-16T07:33:54 IST" name="validLoginTest" data-provider="getData" finished-at="2022-01-16T07:33:59 IST" duration-ms="4627" status="PASS">
          <params>
            <param index="0">
              <value>
                <![CDATA[David]]>
              </value>
            </param>
            <param index="1">
              <value>
                <![CDATA[Password]]>
              </value>
            </param>
            <param index="2">
              <value>
                <![CDATA[https://www.qaclickacademy.com/]]>
              </value>
            </param>
          </params>
          <reporter-output>
          </reporter-output>
        </test-method> <!-- validLoginTest -->
        <test-method is-config="true" signature="tearDown()[pri:0, instance:Academy.E2EProject.LoginPageTest@69f1a286]" started-at="2022-01-16T07:33:59 IST" name="tearDown" finished-at="2022-01-16T07:33:59 IST" duration-ms="40" status="PASS">
          <reporter-output>
          </reporter-output>
        </test-method> <!-- tearDown -->
        <test-method signature="validLoginTest(java.lang.String,java.lang.String,java.lang.String)[pri:0, instance:Academy.E2EProject.LoginPageTest@69f1a286]" started-at="2022-01-16T07:33:59 IST" name="validLoginTest" data-provider="getData" finished-at="2022-01-16T07:34:03 IST" duration-ms="3639" status="PASS">
          <params>
            <param index="0">
              <value>
                <![CDATA[John]]>
              </value>
            </param>
            <param index="1">
              <value>
                <![CDATA[Password]]>
              </value>
            </param>
            <param index="2">
              <value>
                <![CDATA[https://www.qaclickacademy.com/]]>
              </value>
            </param>
          </params>
          <reporter-output>
          </reporter-output>
        </test-method> <!-- validLoginTest -->
        <test-method is-config="true" signature="tearDown()[pri:0, instance:Academy.E2EProject.LoginPageTest@69f1a286]" started-at="2022-01-16T07:34:03 IST" name="tearDown" finished-at="2022-01-16T07:34:03 IST" duration-ms="41" status="PASS">
          <reporter-output>
          </reporter-output>
        </test-method> <!-- tearDown -->
      </class> <!-- Academy.E2EProject.LoginPageTest -->
    </test> <!-- Login Test -->
  </suite> <!-- Suite -->
</testng-results>
