<?xml version="1.0" encoding="UTF-8"?>
<!-- Generated by org.testng.reporters.JUnitXMLReporter -->
<testsuite ignored="0" hostname="Holy-Smokes" failures="1" tests="4" name="Test" time="20.486" errors="0" timestamp="2022-01-16T00:31:46 IST">
  <testcase classname="Academy.E2EProject.LoginPageTest" name="validLoginTest" time="6.051"/>
  <testcase classname="Academy.E2EProject.LoginPageTest" name="validLoginTest" time="4.387"/>
  <testcase classname="Academy.E2EProject.HomePageTest" name="linksValidationTest" time="3.538"/>
  <testcase classname="Academy.E2EProject.HomePageTest" name="textValidationTest" time="3.522">
    <failure type="java.lang.AssertionError" message="expected [FEATURED COURSESS] but found [FEATURED COURSES]">
      <![CDATA[java.lang.AssertionError: expected [FEATURED COURSESS] but found [FEATURED COURSES]
at Academy.E2EProject.HomePageTest.textValidationTest(HomePageTest.java:30)
at java.base/java.util.ArrayList.forEach(ArrayList.java:1511)
at java.base/java.util.concurrent.FutureTask.run(FutureTask.java:264)
at java.base/java.util.concurrent.ThreadPoolExecutor.runWorker(ThreadPoolExecutor.java:1136)
at java.base/java.util.concurrent.ThreadPoolExecutor$Worker.run(ThreadPoolExecutor.java:635)
at java.base/java.lang.Thread.run(Thread.java:833)
... Removed 24 stack frames]]>
    </failure>
  </testcase> <!-- textValidationTest -->
</testsuite> <!-- Test -->
